Using pre-set license
Built from '2020.3/staging' branch; Version is '2020.3.20f1 (41c4e627c95f) revision 4310246'; Using compiler version '192528614'; Build Type 'Release'
OS: 'Windows 10 Home; OS build 19042.1083; Version 2009; 64bit' Language: 'en' Physical Memory: 16322 MB
BatchMode: 1, IsHumanControllingUs: 0, StartBugReporterOnCrash: 0, Is64bit: 1, IsPro: 0

COMMAND LINE ARGUMENTS:
E:\unity_editors\2020.3.20f1\Editor\Unity.exe
-adb2
-batchMode
-noUpm
-name
AssetImportWorker1
-projectPath
E:/unity_projects/LudwigJam
-logFile
Logs/AssetImportWorker1.log
-srvPort
63109
Successfully changed project path to: E:/unity_projects/LudwigJam
E:/unity_projects/LudwigJam
Using Asset Import Pipeline V2.
Refreshing native plugins compatible for Editor in 33.93 ms, found 2 plugins.
Preloading 0 native plugins for Editor in 0.00 ms.
Initialize engine version: 2020.3.20f1 (41c4e627c95f)
[Subsystems] Discovering subsystems at path E:/unity_editors/2020.3.20f1/Editor/Data/Resources/UnitySubsystems
[Subsystems] Discovering subsystems at path E:/unity_projects/LudwigJam/Assets
GfxDevice: creating device client; threaded=0
Direct3D:
    Version:  Direct3D 11.0 [level 11.1]
    Renderer: NVIDIA GeForce GTX 1080 Ti (ID=0x1b06)
    Vendor:   
    VRAM:     11127 MB
    Driver:   30.0.14.7212
Initialize mono
Mono path[0] = 'E:/unity_editors/2020.3.20f1/Editor/Data/Managed'
Mono path[1] = 'E:/unity_editors/2020.3.20f1/Editor/Data/MonoBleedingEdge/lib/mono/unityjit'
Mono config path = 'E:/unity_editors/2020.3.20f1/Editor/Data/MonoBleedingEdge/etc'
Using monoOptions --debugger-agent=transport=dt_socket,embedding=1,server=y,suspend=n,address=127.0.0.1:56252
Begin MonoManager ReloadAssembly
Registering precompiled unity dll's ...
Register platform support module: E:/unity_editors/2020.3.20f1/Editor/Data/PlaybackEngines/WebGLSupport/UnityEditor.WebGL.Extensions.dll
Register platform support module: E:/unity_editors/2020.3.20f1/Editor/Data/PlaybackEngines/WindowsStandaloneSupport/UnityEditor.WindowsStandalone.Extensions.dll
Registered in 0.006830 seconds.
Native extension for WindowsStandalone target not found
Native extension for WebGL target not found
Refreshing native plugins compatible for Editor in 28.63 ms, found 2 plugins.
Preloading 0 native plugins for Editor in 0.00 ms.
Mono: successfully reloaded assembly
- Completed reload, in  3.311 seconds
Domain Reload Profiling:
	ReloadAssembly (3311ms)
		BeginReloadAssembly (100ms)
			ExecutionOrderSort (0ms)
			DisableScriptedObjects (0ms)
			BackupInstance (0ms)
			ReleaseScriptingObjects (0ms)
			CreateAndSetChildDomain (1ms)
		EndReloadAssembly (426ms)
			LoadAssemblies (98ms)
			RebuildTransferFunctionScriptingTraits (0ms)
			SetupTypeCache (162ms)
			ReleaseScriptCaches (0ms)
			RebuildScriptCaches (28ms)
			SetupLoadedEditorAssemblies (157ms)
				LogAssemblyErrors (0ms)
				InitializePlatformSupportModulesInManaged (5ms)
				SetLoadedEditorAssemblies (0ms)
				RefreshPlugins (29ms)
				BeforeProcessingInitializeOnLoad (17ms)
				ProcessInitializeOnLoadAttributes (78ms)
				ProcessInitializeOnLoadMethodAttributes (27ms)
				AfterProcessingInitializeOnLoad (0ms)
				EditorAssembliesLoaded (0ms)
			ExecutionOrderSort2 (0ms)
			AwakeInstancesAfterBackupRestoration (0ms)
Platform modules already initialized, skipping
Registering precompiled user dll's ...
Registered in 0.006996 seconds.
Begin MonoManager ReloadAssembly
Native extension for WindowsStandalone target not found
Native extension for WebGL target not found
Refreshing native plugins compatible for Editor in 0.46 ms, found 2 plugins.
Preloading 0 native plugins for Editor in 0.00 ms.
Mono: successfully reloaded assembly
- Completed reload, in  1.082 seconds
Domain Reload Profiling:
	ReloadAssembly (1083ms)
		BeginReloadAssembly (187ms)
			ExecutionOrderSort (0ms)
			DisableScriptedObjects (5ms)
			BackupInstance (0ms)
			ReleaseScriptingObjects (0ms)
			CreateAndSetChildDomain (21ms)
		EndReloadAssembly (819ms)
			LoadAssemblies (139ms)
			RebuildTransferFunctionScriptingTraits (0ms)
			SetupTypeCache (284ms)
			ReleaseScriptCaches (1ms)
			RebuildScriptCaches (39ms)
			SetupLoadedEditorAssemblies (312ms)
				LogAssemblyErrors (0ms)
				InitializePlatformSupportModulesInManaged (6ms)
				SetLoadedEditorAssemblies (0ms)
				RefreshPlugins (1ms)
				BeforeProcessingInitializeOnLoad (82ms)
				ProcessInitializeOnLoadAttributes (208ms)
				ProcessInitializeOnLoadMethodAttributes (3ms)
				AfterProcessingInitializeOnLoad (12ms)
				EditorAssembliesLoaded (0ms)
			ExecutionOrderSort2 (0ms)
			AwakeInstancesAfterBackupRestoration (6ms)
Platform modules already initialized, skipping
========================================================================
Worker process is ready to serve import requests
Launched and connected shader compiler UnityShaderCompiler.exe after 0.08 seconds
Refreshing native plugins compatible for Editor in 0.44 ms, found 2 plugins.
Preloading 0 native plugins for Editor in 0.00 ms.
Unloading 1451 Unused Serialized files (Serialized files now loaded: 0)
System memory in use before: 69.7 MB.
System memory in use after: 69.8 MB.

Unloading 15 unused Assets to reduce memory usage. Loaded Objects now: 1904.
Total: 3.391500 ms (FindLiveObjects: 0.244900 ms CreateObjectMapping: 0.101700 ms MarkObjects: 3.007800 ms  DeleteObjects: 0.035900 ms)

AssetImportParameters requested are different than current active one (requested -> active):
  custom:framework-win-MediaFoundation: 216162199b28c13a410421893ffa2e32 -> 
  custom:video-decoder-ogg-theora: a1e56fd34408186e4bbccfd4996cb3dc -> 
  custom:container-muxer-webm: aa71ff27fc2769a1b78a27578f13a17b -> 
  custom:container-demuxer-webm: 4f35f7cbe854078d1ac9338744f61a02 -> 
  custom:container-demuxer-ogg: 62fdf1f143b41e24485cea50d1cbac27 -> 
  custom:video-encoder-webm-vp8: eb34c28f22e8b96e1ab97ce403110664 -> 
  custom:video-decoder-webm-vp8: 9c59270c3fd7afecdb556c50c9e8de78 -> 
  custom:audio-decoder-ogg-vorbis: bf7c407c2cedff20999df2af8eb42d56 -> 
  custom:audio-encoder-webm-vorbis: bf7c407c2cedff20999df2af8eb42d56 -> 
========================================================================
Received Import Request.
  path: Assets/prefabs/don't place these/Cannon Ball.prefab
  artifactKey: Guid(19efae6599a63ef46ae019bb584765b8) Importer(815301076,1909f56bfc062723c751e8b465ee728b)
Start importing Assets/prefabs/don't place these/Cannon Ball.prefab using Guid(19efae6599a63ef46ae019bb584765b8) Importer(815301076,1909f56bfc062723c751e8b465ee728b)  -> (artifact id: 'c61fe3872b8eaa376d7fd7977165d3b0') in 0.122507 seconds 
  Import took 0.125675 seconds .

========================================================================
Received Import Request.
  Time since last request: 10.819682 seconds.
  path: Assets/prefabs/Cannon.prefab
  artifactKey: Guid(5aa6f62e9b786a54e85b21d19eafee4d) Importer(815301076,1909f56bfc062723c751e8b465ee728b)
Start importing Assets/prefabs/Cannon.prefab using Guid(5aa6f62e9b786a54e85b21d19eafee4d) Importer(815301076,1909f56bfc062723c751e8b465ee728b)  -> (artifact id: '0c24b856146dcd1dbd13d89ffc961ec6') in 0.027171 seconds 
  Import took 0.031757 seconds .

========================================================================
Received Prepare
Registering precompiled user dll's ...
Registered in 0.007222 seconds.
Begin MonoManager ReloadAssembly
Native extension for WindowsStandalone target not found
Native extension for WebGL target not found
Refreshing native plugins compatible for Editor in 0.38 ms, found 2 plugins.
Preloading 0 native plugins for Editor in 0.00 ms.
Mono: successfully reloaded assembly
- Completed reload, in  1.089 seconds
Domain Reload Profiling:
	ReloadAssembly (1089ms)
		BeginReloadAssembly (159ms)
			ExecutionOrderSort (0ms)
			DisableScriptedObjects (5ms)
			BackupInstance (0ms)
			ReleaseScriptingObjects (0ms)
			CreateAndSetChildDomain (36ms)
		EndReloadAssembly (863ms)
			LoadAssemblies (143ms)
			RebuildTransferFunctionScriptingTraits (0ms)
			SetupTypeCache (316ms)
			ReleaseScriptCaches (1ms)
			RebuildScriptCaches (36ms)
			SetupLoadedEditorAssemblies (306ms)
				LogAssemblyErrors (0ms)
				InitializePlatformSupportModulesInManaged (7ms)
				SetLoadedEditorAssemblies (1ms)
				RefreshPlugins (0ms)
				BeforeProcessingInitializeOnLoad (78ms)
				ProcessInitializeOnLoadAttributes (204ms)
				ProcessInitializeOnLoadMethodAttributes (3ms)
				AfterProcessingInitializeOnLoad (12ms)
				EditorAssembliesLoaded (0ms)
			ExecutionOrderSort2 (0ms)
			AwakeInstancesAfterBackupRestoration (7ms)
Platform modules already initialized, skipping
Refreshing native plugins compatible for Editor in 0.37 ms, found 2 plugins.
Preloading 0 native plugins for Editor in 0.00 ms.
Unloading 1445 Unused Serialized files (Serialized files now loaded: 0)
System memory in use before: 72.7 MB.
System memory in use after: 72.8 MB.

Unloading 11 unused Assets to reduce memory usage. Loaded Objects now: 1914.
Total: 3.332700 ms (FindLiveObjects: 0.169200 ms CreateObjectMapping: 0.195800 ms MarkObjects: 2.921600 ms  DeleteObjects: 0.044900 ms)

AssetImportParameters requested are different than current active one (requested -> active):
  custom:framework-win-MediaFoundation: 216162199b28c13a410421893ffa2e32 -> 
  custom:video-decoder-ogg-theora: a1e56fd34408186e4bbccfd4996cb3dc -> 
  custom:container-muxer-webm: aa71ff27fc2769a1b78a27578f13a17b -> 
  custom:container-demuxer-webm: 4f35f7cbe854078d1ac9338744f61a02 -> 
  custom:container-demuxer-ogg: 62fdf1f143b41e24485cea50d1cbac27 -> 
  custom:video-encoder-webm-vp8: eb34c28f22e8b96e1ab97ce403110664 -> 
  custom:video-decoder-webm-vp8: 9c59270c3fd7afecdb556c50c9e8de78 -> 
  custom:audio-decoder-ogg-vorbis: bf7c407c2cedff20999df2af8eb42d56 -> 
  custom:audio-encoder-webm-vorbis: bf7c407c2cedff20999df2af8eb42d56 -> 
========================================================================
Received Prepare
Registering precompiled user dll's ...
Registered in 0.008511 seconds.
Begin MonoManager ReloadAssembly
Native extension for WindowsStandalone target not found
Native extension for WebGL target not found
Refreshing native plugins compatible for Editor in 0.38 ms, found 2 plugins.
Preloading 0 native plugins for Editor in 0.00 ms.
Mono: successfully reloaded assembly
- Completed reload, in  1.277 seconds
Domain Reload Profiling:
	ReloadAssembly (1278ms)
		BeginReloadAssembly (189ms)
			ExecutionOrderSort (0ms)
			DisableScriptedObjects (6ms)
			BackupInstance (0ms)
			ReleaseScriptingObjects (0ms)
			CreateAndSetChildDomain (43ms)
		EndReloadAssembly (1005ms)
			LoadAssemblies (174ms)
			RebuildTransferFunctionScriptingTraits (0ms)
			SetupTypeCache (348ms)
			ReleaseScriptCaches (1ms)
			RebuildScriptCaches (43ms)
			SetupLoadedEditorAssemblies (374ms)
				LogAssemblyErrors (0ms)
				InitializePlatformSupportModulesInManaged (8ms)
				SetLoadedEditorAssemblies (1ms)
				RefreshPlugins (0ms)
				BeforeProcessingInitializeOnLoad (99ms)
				ProcessInitializeOnLoadAttributes (249ms)
				ProcessInitializeOnLoadMethodAttributes (4ms)
				AfterProcessingInitializeOnLoad (13ms)
				EditorAssembliesLoaded (0ms)
			ExecutionOrderSort2 (0ms)
			AwakeInstancesAfterBackupRestoration (7ms)
Platform modules already initialized, skipping
Refreshing native plugins compatible for Editor in 0.62 ms, found 2 plugins.
Preloading 0 native plugins for Editor in 0.00 ms.
Unloading 1445 Unused Serialized files (Serialized files now loaded: 0)
System memory in use before: 72.7 MB.
System memory in use after: 72.8 MB.

Unloading 11 unused Assets to reduce memory usage. Loaded Objects now: 1916.
Total: 3.230200 ms (FindLiveObjects: 0.205000 ms CreateObjectMapping: 0.120500 ms MarkObjects: 2.886400 ms  DeleteObjects: 0.016800 ms)

AssetImportParameters requested are different than current active one (requested -> active):
  custom:framework-win-MediaFoundation: 216162199b28c13a410421893ffa2e32 -> 
  custom:video-decoder-ogg-theora: a1e56fd34408186e4bbccfd4996cb3dc -> 
  custom:container-muxer-webm: aa71ff27fc2769a1b78a27578f13a17b -> 
  custom:container-demuxer-webm: 4f35f7cbe854078d1ac9338744f61a02 -> 
  custom:container-demuxer-ogg: 62fdf1f143b41e24485cea50d1cbac27 -> 
  custom:video-encoder-webm-vp8: eb34c28f22e8b96e1ab97ce403110664 -> 
  custom:video-decoder-webm-vp8: 9c59270c3fd7afecdb556c50c9e8de78 -> 
  custom:audio-decoder-ogg-vorbis: bf7c407c2cedff20999df2af8eb42d56 -> 
  custom:audio-encoder-webm-vorbis: bf7c407c2cedff20999df2af8eb42d56 -> 
========================================================================
Received Prepare
Registering precompiled user dll's ...
Registered in 0.007048 seconds.
Begin MonoManager ReloadAssembly
Native extension for WindowsStandalone target not found
Native extension for WebGL target not found
Refreshing native plugins compatible for Editor in 0.41 ms, found 2 plugins.
Preloading 0 native plugins for Editor in 0.00 ms.
Mono: successfully reloaded assembly
- Completed reload, in  1.054 seconds
Domain Reload Profiling:
	ReloadAssembly (1055ms)
		BeginReloadAssembly (163ms)
			ExecutionOrderSort (0ms)
			DisableScriptedObjects (5ms)
			BackupInstance (0ms)
			ReleaseScriptingObjects (0ms)
			CreateAndSetChildDomain (38ms)
		EndReloadAssembly (814ms)
			LoadAssemblies (159ms)
			RebuildTransferFunctionScriptingTraits (0ms)
			SetupTypeCache (291ms)
			ReleaseScriptCaches (1ms)
			RebuildScriptCaches (36ms)
			SetupLoadedEditorAssemblies (283ms)
				LogAssemblyErrors (0ms)
				InitializePlatformSupportModulesInManaged (6ms)
				SetLoadedEditorAssemblies (0ms)
				RefreshPlugins (0ms)
				BeforeProcessingInitializeOnLoad (75ms)
				ProcessInitializeOnLoadAttributes (186ms)
				ProcessInitializeOnLoadMethodAttributes (3ms)
				AfterProcessingInitializeOnLoad (12ms)
				EditorAssembliesLoaded (0ms)
			ExecutionOrderSort2 (0ms)
			AwakeInstancesAfterBackupRestoration (6ms)
Platform modules already initialized, skipping
Refreshing native plugins compatible for Editor in 0.39 ms, found 2 plugins.
Preloading 0 native plugins for Editor in 0.00 ms.
Unloading 1445 Unused Serialized files (Serialized files now loaded: 0)
System memory in use before: 72.8 MB.
System memory in use after: 72.9 MB.

Unloading 11 unused Assets to reduce memory usage. Loaded Objects now: 1918.
Total: 3.540800 ms (FindLiveObjects: 0.176600 ms CreateObjectMapping: 0.045800 ms MarkObjects: 3.281000 ms  DeleteObjects: 0.036300 ms)

AssetImportParameters requested are different than current active one (requested -> active):
  custom:framework-win-MediaFoundation: 216162199b28c13a410421893ffa2e32 -> 
  custom:video-decoder-ogg-theora: a1e56fd34408186e4bbccfd4996cb3dc -> 
  custom:container-muxer-webm: aa71ff27fc2769a1b78a27578f13a17b -> 
  custom:container-demuxer-webm: 4f35f7cbe854078d1ac9338744f61a02 -> 
  custom:container-demuxer-ogg: 62fdf1f143b41e24485cea50d1cbac27 -> 
  custom:video-encoder-webm-vp8: eb34c28f22e8b96e1ab97ce403110664 -> 
  custom:video-decoder-webm-vp8: 9c59270c3fd7afecdb556c50c9e8de78 -> 
  custom:audio-decoder-ogg-vorbis: bf7c407c2cedff20999df2af8eb42d56 -> 
  custom:audio-encoder-webm-vorbis: bf7c407c2cedff20999df2af8eb42d56 -> 
========================================================================
Received Import Request.
  Time since last request: 631.548571 seconds.
  path: Assets/prefabs/don't place these/shadow.prefab
  artifactKey: Guid(3140e6b154dcee34fb86d0ee1cc78900) Importer(815301076,1909f56bfc062723c751e8b465ee728b)
Start importing Assets/prefabs/don't place these/shadow.prefab using Guid(3140e6b154dcee34fb86d0ee1cc78900) Importer(815301076,1909f56bfc062723c751e8b465ee728b)  -> (artifact id: '16e5666c0ae491d44c971e7d7d8547e8') in 0.066739 seconds 
  Import took 0.070092 seconds .

========================================================================
Received Import Request.
  Time since last request: 3.506132 seconds.
  path: Assets/prefabs/don't place these/shadow.prefab
  artifactKey: Guid(3140e6b154dcee34fb86d0ee1cc78900) Importer(815301076,1909f56bfc062723c751e8b465ee728b)
Start importing Assets/prefabs/don't place these/shadow.prefab using Guid(3140e6b154dcee34fb86d0ee1cc78900) Importer(815301076,1909f56bfc062723c751e8b465ee728b)  -> (artifact id: '616e3c84c85fa5a4a773c21b9b0d4efa') in 0.018568 seconds 
  Import took 0.023590 seconds .

========================================================================
Received Prepare
Registering precompiled user dll's ...
Registered in 0.007925 seconds.
Begin MonoManager ReloadAssembly
Native extension for WindowsStandalone target not found
Native extension for WebGL target not found
Refreshing native plugins compatible for Editor in 0.43 ms, found 2 plugins.
Preloading 0 native plugins for Editor in 0.00 ms.
Mono: successfully reloaded assembly
- Completed reload, in  1.120 seconds
Domain Reload Profiling:
	ReloadAssembly (1121ms)
		BeginReloadAssembly (191ms)
			ExecutionOrderSort (0ms)
			DisableScriptedObjects (4ms)
			BackupInstance (0ms)
			ReleaseScriptingObjects (0ms)
			CreateAndSetChildDomain (37ms)
		EndReloadAssembly (857ms)
			LoadAssemblies (152ms)
			RebuildTransferFunctionScriptingTraits (0ms)
			SetupTypeCache (331ms)
			ReleaseScriptCaches (1ms)
			RebuildScriptCaches (35ms)
			SetupLoadedEditorAssemblies (292ms)
				LogAssemblyErrors (0ms)
				InitializePlatformSupportModulesInManaged (5ms)
				SetLoadedEditorAssemblies (1ms)
				RefreshPlugins (1ms)
				BeforeProcessingInitializeOnLoad (77ms)
				ProcessInitializeOnLoadAttributes (192ms)
				ProcessInitializeOnLoadMethodAttributes (4ms)
				AfterProcessingInitializeOnLoad (12ms)
				EditorAssembliesLoaded (0ms)
			ExecutionOrderSort2 (0ms)
			AwakeInstancesAfterBackupRestoration (8ms)
Platform modules already initialized, skipping
Refreshing native plugins compatible for Editor in 0.38 ms, found 2 plugins.
Preloading 0 native plugins for Editor in 0.00 ms.
Unloading 1445 Unused Serialized files (Serialized files now loaded: 0)
System memory in use before: 72.8 MB.
System memory in use after: 72.9 MB.

Unloading 11 unused Assets to reduce memory usage. Loaded Objects now: 1921.
Total: 2.637600 ms (FindLiveObjects: 0.146000 ms CreateObjectMapping: 0.047200 ms MarkObjects: 2.425400 ms  DeleteObjects: 0.018200 ms)

AssetImportParameters requested are different than current active one (requested -> active):
  custom:framework-win-MediaFoundation: 216162199b28c13a410421893ffa2e32 -> 
  custom:video-decoder-ogg-theora: a1e56fd34408186e4bbccfd4996cb3dc -> 
  custom:container-muxer-webm: aa71ff27fc2769a1b78a27578f13a17b -> 
  custom:container-demuxer-webm: 4f35f7cbe854078d1ac9338744f61a02 -> 
  custom:container-demuxer-ogg: 62fdf1f143b41e24485cea50d1cbac27 -> 
  custom:video-encoder-webm-vp8: eb34c28f22e8b96e1ab97ce403110664 -> 
  custom:video-decoder-webm-vp8: 9c59270c3fd7afecdb556c50c9e8de78 -> 
  custom:audio-decoder-ogg-vorbis: bf7c407c2cedff20999df2af8eb42d56 -> 
  custom:audio-encoder-webm-vorbis: bf7c407c2cedff20999df2af8eb42d56 -> 
========================================================================
Received Prepare
Registering precompiled user dll's ...
Registered in 0.007275 seconds.
Begin MonoManager ReloadAssembly
Native extension for WindowsStandalone target not found
Native extension for WebGL target not found
Refreshing native plugins compatible for Editor in 0.36 ms, found 2 plugins.
Preloading 0 native plugins for Editor in 0.00 ms.
Mono: successfully reloaded assembly
- Completed reload, in  1.051 seconds
Domain Reload Profiling:
	ReloadAssembly (1051ms)
		BeginReloadAssembly (164ms)
			ExecutionOrderSort (0ms)
			DisableScriptedObjects (5ms)
			BackupInstance (0ms)
			ReleaseScriptingObjects (0ms)
			CreateAndSetChildDomain (40ms)
		EndReloadAssembly (816ms)
			LoadAssemblies (146ms)
			RebuildTransferFunctionScriptingTraits (0ms)
			SetupTypeCache (268ms)
			ReleaseScriptCaches (1ms)
			RebuildScriptCaches (36ms)
			SetupLoadedEditorAssemblies (318ms)
				LogAssemblyErrors (0ms)
				InitializePlatformSupportModulesInManaged (6ms)
				SetLoadedEditorAssemblies (0ms)
				RefreshPlugins (0ms)
				BeforeProcessingInitializeOnLoad (79ms)
				ProcessInitializeOnLoadAttributes (216ms)
				ProcessInitializeOnLoadMethodAttributes (4ms)
				AfterProcessingInitializeOnLoad (12ms)
				EditorAssembliesLoaded (0ms)
			ExecutionOrderSort2 (0ms)
			AwakeInstancesAfterBackupRestoration (8ms)
Platform modules already initialized, skipping
Refreshing native plugins compatible for Editor in 0.39 ms, found 2 plugins.
Preloading 0 native plugins for Editor in 0.00 ms.
Unloading 1445 Unused Serialized files (Serialized files now loaded: 0)
System memory in use before: 72.7 MB.
System memory in use after: 72.8 MB.

Unloading 11 unused Assets to reduce memory usage. Loaded Objects now: 1923.
Total: 3.440100 ms (FindLiveObjects: 0.216100 ms CreateObjectMapping: 0.088800 ms MarkObjects: 3.104100 ms  DeleteObjects: 0.030200 ms)

AssetImportParameters requested are different than current active one (requested -> active):
  custom:framework-win-MediaFoundation: 216162199b28c13a410421893ffa2e32 -> 
  custom:video-decoder-ogg-theora: a1e56fd34408186e4bbccfd4996cb3dc -> 
  custom:container-muxer-webm: aa71ff27fc2769a1b78a27578f13a17b -> 
  custom:container-demuxer-webm: 4f35f7cbe854078d1ac9338744f61a02 -> 
  custom:container-demuxer-ogg: 62fdf1f143b41e24485cea50d1cbac27 -> 
  custom:video-encoder-webm-vp8: eb34c28f22e8b96e1ab97ce403110664 -> 
  custom:video-decoder-webm-vp8: 9c59270c3fd7afecdb556c50c9e8de78 -> 
  custom:audio-decoder-ogg-vorbis: bf7c407c2cedff20999df2af8eb42d56 -> 
  custom:audio-encoder-webm-vorbis: bf7c407c2cedff20999df2af8eb42d56 -> 
========================================================================
Received Prepare
Registering precompiled user dll's ...
Registered in 0.007086 seconds.
Begin MonoManager ReloadAssembly
Native extension for WindowsStandalone target not found
Native extension for WebGL target not found
Refreshing native plugins compatible for Editor in 0.48 ms, found 2 plugins.
Preloading 0 native plugins for Editor in 0.00 ms.
Mono: successfully reloaded assembly
- Completed reload, in  1.279 seconds
Domain Reload Profiling:
	ReloadAssembly (1279ms)
		BeginReloadAssembly (175ms)
			ExecutionOrderSort (0ms)
			DisableScriptedObjects (6ms)
			BackupInstance (0ms)
			ReleaseScriptingObjects (0ms)
			CreateAndSetChildDomain (36ms)
		EndReloadAssembly (1030ms)
			LoadAssemblies (155ms)
			RebuildTransferFunctionScriptingTraits (0ms)
			SetupTypeCache (371ms)
			ReleaseScriptCaches (1ms)
			RebuildScriptCaches (43ms)
			SetupLoadedEditorAssemblies (382ms)
				LogAssemblyErrors (0ms)
				InitializePlatformSupportModulesInManaged (8ms)
				SetLoadedEditorAssemblies (1ms)
				RefreshPlugins (1ms)
				BeforeProcessingInitializeOnLoad (100ms)
				ProcessInitializeOnLoadAttributes (252ms)
				ProcessInitializeOnLoadMethodAttributes (4ms)
				AfterProcessingInitializeOnLoad (15ms)
				EditorAssembliesLoaded (0ms)
			ExecutionOrderSort2 (0ms)
			AwakeInstancesAfterBackupRestoration (7ms)
Platform modules already initialized, skipping
Refreshing native plugins compatible for Editor in 0.45 ms, found 2 plugins.
Preloading 0 native plugins for Editor in 0.00 ms.
Unloading 1445 Unused Serialized files (Serialized files now loaded: 0)
System memory in use before: 72.7 MB.
System memory in use after: 72.9 MB.

Unloading 11 unused Assets to reduce memory usage. Loaded Objects now: 1925.
Total: 3.527800 ms (FindLiveObjects: 0.148900 ms CreateObjectMapping: 0.047100 ms MarkObjects: 3.311900 ms  DeleteObjects: 0.018300 ms)

AssetImportParameters requested are different than current active one (requested -> active):
  custom:framework-win-MediaFoundation: 216162199b28c13a410421893ffa2e32 -> 
  custom:video-decoder-ogg-theora: a1e56fd34408186e4bbccfd4996cb3dc -> 
  custom:container-muxer-webm: aa71ff27fc2769a1b78a27578f13a17b -> 
  custom:container-demuxer-webm: 4f35f7cbe854078d1ac9338744f61a02 -> 
  custom:container-demuxer-ogg: 62fdf1f143b41e24485cea50d1cbac27 -> 
  custom:video-encoder-webm-vp8: eb34c28f22e8b96e1ab97ce403110664 -> 
  custom:video-decoder-webm-vp8: 9c59270c3fd7afecdb556c50c9e8de78 -> 
  custom:audio-decoder-ogg-vorbis: bf7c407c2cedff20999df2af8eb42d56 -> 
  custom:audio-encoder-webm-vorbis: bf7c407c2cedff20999df2af8eb42d56 -> 
========================================================================
Received Import Request.
  Time since last request: 2459.222440 seconds.
  path: Assets/sprites/tutorial-text/tab/tab-3.mat
  artifactKey: Guid(ca957681b3db9de48927944355fd9295) Importer(815301076,1909f56bfc062723c751e8b465ee728b)
Start importing Assets/sprites/tutorial-text/tab/tab-3.mat using Guid(ca957681b3db9de48927944355fd9295) Importer(815301076,1909f56bfc062723c751e8b465ee728b)  -> (artifact id: 'b07adf675b24ae6635ec6d7b5193a45e') in 0.089520 seconds 
  Import took 0.094070 seconds .

========================================================================
Received Import Request.
  Time since last request: 0.000287 seconds.
  path: Assets/terrain.mat
  artifactKey: Guid(30976fdb003cdda4bb9ead33086d8a44) Importer(815301076,1909f56bfc062723c751e8b465ee728b)
Start importing Assets/terrain.mat using Guid(30976fdb003cdda4bb9ead33086d8a44) Importer(815301076,1909f56bfc062723c751e8b465ee728b)  -> (artifact id: 'cac7120549934a32cb666967b4535920') in 0.025986 seconds 
  Import took 0.030238 seconds .

========================================================================
Received Import Request.
  Time since last request: 1.785065 seconds.
  path: Assets/sprites/tutorial-text/tab/tab-1.mat
  artifactKey: Guid(f630f848204fa144e932fd1387ee6d24) Importer(815301076,1909f56bfc062723c751e8b465ee728b)
Start importing Assets/sprites/tutorial-text/tab/tab-1.mat using Guid(f630f848204fa144e932fd1387ee6d24) Importer(815301076,1909f56bfc062723c751e8b465ee728b)  -> (artifact id: '4bdb46c6d0255ae9c268530ea39734b7') in 0.014586 seconds 
  Import took 0.018305 seconds .

========================================================================
Received Import Request.
  Time since last request: 0.000302 seconds.
  path: Assets/sprites/tutorial-text/tab/tab-2.mat
  artifactKey: Guid(ae801e7c26b47c34e9564930a34e15bc) Importer(815301076,1909f56bfc062723c751e8b465ee728b)
Start importing Assets/sprites/tutorial-text/tab/tab-2.mat using Guid(ae801e7c26b47c34e9564930a34e15bc) Importer(815301076,1909f56bfc062723c751e8b465ee728b)  -> (artifact id: '9981e3f91115c8380070ffbd81a79e2f') in 0.014154 seconds 
  Import took 0.017786 seconds .

========================================================================
Received Import Request.
  Time since last request: 0.000246 seconds.
  path: Assets/sprites/spike/spike-3.mat
  artifactKey: Guid(597f00f7d6621e744bfded60951f9b05) Importer(815301076,1909f56bfc062723c751e8b465ee728b)
Start importing Assets/sprites/spike/spike-3.mat using Guid(597f00f7d6621e744bfded60951f9b05) Importer(815301076,1909f56bfc062723c751e8b465ee728b)  -> (artifact id: '48f49ffe4bc18bd8a1dd9ddd272da268') in 0.014110 seconds 
  Import took 0.017260 seconds .

========================================================================
Received Import Request.
  Time since last request: 0.000277 seconds.
  path: Assets/sprites/spike/spike-2.mat
  artifactKey: Guid(d946094cc98440a4d9c1d5956eecc252) Importer(815301076,1909f56bfc062723c751e8b465ee728b)
Start importing Assets/sprites/spike/spike-2.mat using Guid(d946094cc98440a4d9c1d5956eecc252) Importer(815301076,1909f56bfc062723c751e8b465ee728b)  -> (artifact id: 'c49093148009163b1f80aabacda6ec98') in 0.014321 seconds 
  Import took 0.017251 seconds .

========================================================================
Received Import Request.
  Time since last request: 0.000204 seconds.
  path: Assets/sprites/paper-plane/shredded/shredded-1.mat
  artifactKey: Guid(adb65d2ec20b0a549a3be3c710bb524b) Importer(815301076,1909f56bfc062723c751e8b465ee728b)
Start importing Assets/sprites/paper-plane/shredded/shredded-1.mat using Guid(adb65d2ec20b0a549a3be3c710bb524b) Importer(815301076,1909f56bfc062723c751e8b465ee728b)  -> (artifact id: 'a19f7ebb6170e6c5e21e705259621498') in 0.015135 seconds 
  Import took 0.018021 seconds .

========================================================================
Received Import Request.
  Time since last request: 0.000271 seconds.
  path: Assets/sprites/paper-plane/shredded/shredded-3.mat
  artifactKey: Guid(219959ffb719dd54886fdadc28f95b26) Importer(815301076,1909f56bfc062723c751e8b465ee728b)
Start importing Assets/sprites/paper-plane/shredded/shredded-3.mat using Guid(219959ffb719dd54886fdadc28f95b26) Importer(815301076,1909f56bfc062723c751e8b465ee728b)  -> (artifact id: 'b9e3a1b69b60db5e8a1a621ac924e3be') in 0.013279 seconds 
  Import took 0.015989 seconds .

========================================================================
Received Import Request.
  Time since last request: 0.000246 seconds.
  path: Assets/sprites/tutorial-text/shift-dodge/shift-dodge-3.mat
  artifactKey: Guid(df519757897b65a478c551e5339032cc) Importer(815301076,1909f56bfc062723c751e8b465ee728b)
Start importing Assets/sprites/tutorial-text/shift-dodge/shift-dodge-3.mat using Guid(df519757897b65a478c551e5339032cc) Importer(815301076,1909f56bfc062723c751e8b465ee728b)  -> (artifact id: '019202c4c2eb092628bac73003762237') in 0.014260 seconds 
  Import took 0.017268 seconds .

========================================================================
Received Import Request.
  Time since last request: 0.000239 seconds.
  path: Assets/sprites/spike/spike-1.mat
  artifactKey: Guid(0f32fe35f6d981541908f100082213d5) Importer(815301076,1909f56bfc062723c751e8b465ee728b)
Start importing Assets/sprites/spike/spike-1.mat using Guid(0f32fe35f6d981541908f100082213d5) Importer(815301076,1909f56bfc062723c751e8b465ee728b)  -> (artifact id: '98ce7c2aef54bc3ef6afad562ce9ca94') in 0.012866 seconds 
  Import took 0.016295 seconds .

========================================================================
Received Import Request.
  Time since last request: 0.000427 seconds.
  path: Assets/sprites/tutorial-text/shift-dodge/shift-dodge-1.mat
  artifactKey: Guid(25bb1a0628a156141a790b2304a1e35b) Importer(815301076,1909f56bfc062723c751e8b465ee728b)
Start importing Assets/sprites/tutorial-text/shift-dodge/shift-dodge-1.mat using Guid(25bb1a0628a156141a790b2304a1e35b) Importer(815301076,1909f56bfc062723c751e8b465ee728b)  -> (artifact id: '9962ceb0cbcfbee982049cf368c81ee5') in 0.014647 seconds 
  Import took 0.017875 seconds .

========================================================================
Received Import Request.
  Time since last request: 0.000220 seconds.
  path: Assets/sprites/paper-plane/shredded/shredded-2.mat
  artifactKey: Guid(27c8e3690d07c9c4098b711144a54c9e) Importer(815301076,1909f56bfc062723c751e8b465ee728b)
Start importing Assets/sprites/paper-plane/shredded/shredded-2.mat using Guid(27c8e3690d07c9c4098b711144a54c9e) Importer(815301076,1909f56bfc062723c751e8b465ee728b)  -> (artifact id: '786de449a53d0d41c68594cd8fd75914') in 0.012449 seconds 
  Import took 0.015778 seconds .

========================================================================
Received Import Request.
  Time since last request: 0.000265 seconds.
  path: Assets/sprites/player/stars/s2.mat
  artifactKey: Guid(f8be0c4c86e9ac84a83d08df549afcc5) Importer(815301076,1909f56bfc062723c751e8b465ee728b)
Start importing Assets/sprites/player/stars/s2.mat using Guid(f8be0c4c86e9ac84a83d08df549afcc5) Importer(815301076,1909f56bfc062723c751e8b465ee728b)  -> (artifact id: 'eaab78a9a8ad5b08e2b8c4ce5018a010') in 0.014719 seconds 
  Import took 0.018254 seconds .

========================================================================
Received Import Request.
  Time since last request: 0.000246 seconds.
  path: Assets/sprites/player/stars/s3.mat
  artifactKey: Guid(2a28fbee5c96ab940b74201f4f151238) Importer(815301076,1909f56bfc062723c751e8b465ee728b)
Start importing Assets/sprites/player/stars/s3.mat using Guid(2a28fbee5c96ab940b74201f4f151238) Importer(815301076,1909f56bfc062723c751e8b465ee728b)  -> (artifact id: '563dbccca1fa2c25369f742182abb564') in 0.013770 seconds 
  Import took 0.018224 seconds .

========================================================================
Received Import Request.
  Time since last request: 0.000377 seconds.
  path: Assets/sprites/tutorial-text/shift-dodge/shift-dodge-2.mat
  artifactKey: Guid(f1774be63dfc92f4e97041b7e2804ce9) Importer(815301076,1909f56bfc062723c751e8b465ee728b)
Start importing Assets/sprites/tutorial-text/shift-dodge/shift-dodge-2.mat using Guid(f1774be63dfc92f4e97041b7e2804ce9) Importer(815301076,1909f56bfc062723c751e8b465ee728b)  -> (artifact id: 'caf3301d06a4282b8b56cd3a17b6f8dd') in 0.013608 seconds 
  Import took 0.017160 seconds .

========================================================================
Received Import Request.
  Time since last request: 0.005292 seconds.
  path: Assets/sprites/player/stars/s1.mat
  artifactKey: Guid(9ce49012b93275b4a84f13a729f994cd) Importer(815301076,1909f56bfc062723c751e8b465ee728b)
Start importing Assets/sprites/player/stars/s1.mat using Guid(9ce49012b93275b4a84f13a729f994cd) Importer(815301076,1909f56bfc062723c751e8b465ee728b)  -> (artifact id: '5e0d800be2d624b7fb8049768ca7afad') in 0.015458 seconds 
  Import took 0.018896 seconds .

========================================================================
Received Import Request.
  Time since last request: 0.433115 seconds.
  path: Assets/sprites/tutorial-text/right-parry/right-parry-3.mat
  artifactKey: Guid(c3e591fd61681c541bbfb0553f7b140c) Importer(815301076,1909f56bfc062723c751e8b465ee728b)
Start importing Assets/sprites/tutorial-text/right-parry/right-parry-3.mat using Guid(c3e591fd61681c541bbfb0553f7b140c) Importer(815301076,1909f56bfc062723c751e8b465ee728b)  -> (artifact id: '728fba4ec964ff0528d273318fd9e4df') in 0.013573 seconds 
  Import took 0.017687 seconds .

========================================================================
Received Import Request.
  Time since last request: 0.016172 seconds.
  path: Assets/sprites/tutorial-text/right-parry/right-parry-1.mat
  artifactKey: Guid(5f3b5549873e2c44fac5e0bc5438f595) Importer(815301076,1909f56bfc062723c751e8b465ee728b)
Start importing Assets/sprites/tutorial-text/right-parry/right-parry-1.mat using Guid(5f3b5549873e2c44fac5e0bc5438f595) Importer(815301076,1909f56bfc062723c751e8b465ee728b)  -> (artifact id: '028c64cfeb5873a467b0428c3f738084') in 0.015851 seconds 
  Import took 0.019293 seconds .

========================================================================
Received Import Request.
  Time since last request: 0.000260 seconds.
  path: Assets/sprites/tutorial-text/right-parry/right-parry-2.mat
  artifactKey: Guid(d3cbc150fd2401d49b67e1f2f9f37220) Importer(815301076,1909f56bfc062723c751e8b465ee728b)
Start importing Assets/sprites/tutorial-text/right-parry/right-parry-2.mat using Guid(d3cbc150fd2401d49b67e1f2f9f37220) Importer(815301076,1909f56bfc062723c751e8b465ee728b)  -> (artifact id: 'fb9a57b018a97fbd8d108b66f3f8f8cd') in 0.013909 seconds 
  Import took 0.017778 seconds .

========================================================================
Received Import Request.
  Time since last request: 0.000255 seconds.
  path: Assets/sprites/tutorial-text/reminder/reminder-3.mat
  artifactKey: Guid(4a89fc4c00f6d1840981722f744147d4) Importer(815301076,1909f56bfc062723c751e8b465ee728b)
Start importing Assets/sprites/tutorial-text/reminder/reminder-3.mat using Guid(4a89fc4c00f6d1840981722f744147d4) Importer(815301076,1909f56bfc062723c751e8b465ee728b)  -> (artifact id: 'e176d598fa4cc93adea5119d7141c31e') in 0.015063 seconds 
  Import took 0.018408 seconds .

========================================================================
Received Import Request.
  Time since last request: 0.000239 seconds.
  path: Assets/sprites/tutorial-text/reminder/reminder-1.mat
  artifactKey: Guid(f66641dcd690b0d4692dfbb35d977654) Importer(815301076,1909f56bfc062723c751e8b465ee728b)
Start importing Assets/sprites/tutorial-text/reminder/reminder-1.mat using Guid(f66641dcd690b0d4692dfbb35d977654) Importer(815301076,1909f56bfc062723c751e8b465ee728b)  -> (artifact id: 'da1d4c0696747940f5ed019beedadd13') in 0.014952 seconds 
  Import took 0.017601 seconds .

========================================================================
Received Import Request.
  Time since last request: 0.000246 seconds.
  path: Assets/sprites/tutorial-text/reminder/reminder-2.mat
  artifactKey: Guid(ed65768c67e5c9149899821f0d62d808) Importer(815301076,1909f56bfc062723c751e8b465ee728b)
Start importing Assets/sprites/tutorial-text/reminder/reminder-2.mat using Guid(ed65768c67e5c9149899821f0d62d808) Importer(815301076,1909f56bfc062723c751e8b465ee728b)  -> (artifact id: '3a703a64c210bd176ce46ac17198d1c2') in 0.015204 seconds 
  Import took 0.019153 seconds .

========================================================================
Received Import Request.
  Time since last request: 0.013550 seconds.
  path: Assets/sprites/tutorial-text/parry-this/parry-this-2.mat
  artifactKey: Guid(111cb01458d26b44ebb1800a17e7c5d0) Importer(815301076,1909f56bfc062723c751e8b465ee728b)
Start importing Assets/sprites/tutorial-text/parry-this/parry-this-2.mat using Guid(111cb01458d26b44ebb1800a17e7c5d0) Importer(815301076,1909f56bfc062723c751e8b465ee728b)  -> (artifact id: '56f8f6a726177aef22ef9eb765c8b312') in 0.014227 seconds 
  Import took 0.017556 seconds .

========================================================================
Received Import Request.
  Time since last request: 0.000255 seconds.
  path: Assets/sprites/tutorial-text/parry-this/parry-this-3.mat
  artifactKey: Guid(c6d513e6afa1c3144aeef6db2a7dd3bb) Importer(815301076,1909f56bfc062723c751e8b465ee728b)
Start importing Assets/sprites/tutorial-text/parry-this/parry-this-3.mat using Guid(c6d513e6afa1c3144aeef6db2a7dd3bb) Importer(815301076,1909f56bfc062723c751e8b465ee728b)  -> (artifact id: 'b9d3282c017908e7c27d1ef6eaf7e794') in 0.013018 seconds 
  Import took 0.016094 seconds .

========================================================================
Received Import Request.
  Time since last request: 0.002299 seconds.
  path: Assets/sprites/tutorial-text/parry-refresh/parry-refresh-1.mat
  artifactKey: Guid(814299a99aef9134d894f78d649e9881) Importer(815301076,1909f56bfc062723c751e8b465ee728b)
Start importing Assets/sprites/tutorial-text/parry-refresh/parry-refresh-1.mat using Guid(814299a99aef9134d894f78d649e9881) Importer(815301076,1909f56bfc062723c751e8b465ee728b)  -> (artifact id: '869babd571a9694ed9d143b1bd8aad2d') in 0.015727 seconds 
  Import took 0.019666 seconds .

========================================================================
Received Import Request.
  Time since last request: 0.000255 seconds.
  path: Assets/sprites/tutorial-text/parry-refresh/parry-refresh-2.mat
  artifactKey: Guid(e7f3f326e2d3d7447a321c2107fb5004) Importer(815301076,1909f56bfc062723c751e8b465ee728b)
Start importing Assets/sprites/tutorial-text/parry-refresh/parry-refresh-2.mat using Guid(e7f3f326e2d3d7447a321c2107fb5004) Importer(815301076,1909f56bfc062723c751e8b465ee728b)  -> (artifact id: '745c6643f8ffa2b1ec3fa52466f4c465') in 0.013114 seconds 
  Import took 0.015963 seconds .

========================================================================
Received Import Request.
  Time since last request: 0.000234 seconds.
  path: Assets/sprites/tutorial-text/parry-this/parry-this-1.mat
  artifactKey: Guid(11071d715e3f0a34385370299492e0d8) Importer(815301076,1909f56bfc062723c751e8b465ee728b)
Start importing Assets/sprites/tutorial-text/parry-this/parry-this-1.mat using Guid(11071d715e3f0a34385370299492e0d8) Importer(815301076,1909f56bfc062723c751e8b465ee728b)  -> (artifact id: 'f70c879352cd31a6e6b39cbd791e8042') in 0.013331 seconds 
  Import took 0.016973 seconds .

========================================================================
Received Import Request.
  Time since last request: 0.000246 seconds.
  path: Assets/sprites/tutorial-text/parry-refresh/parry-refresh-3.mat
  artifactKey: Guid(8859dc0c07a531d4cbf64da4aa55bf8d) Importer(815301076,1909f56bfc062723c751e8b465ee728b)
Start importing Assets/sprites/tutorial-text/parry-refresh/parry-refresh-3.mat using Guid(8859dc0c07a531d4cbf64da4aa55bf8d) Importer(815301076,1909f56bfc062723c751e8b465ee728b)  -> (artifact id: '77eb3d78033aaf6fd4c4e5a12f1b2678') in 0.013484 seconds 
  Import took 0.016845 seconds .

========================================================================
Received Import Request.
  Time since last request: 0.005079 seconds.
  path: Assets/sprites/tutorial-text/parryinair/p3.mat
  artifactKey: Guid(42e3e06051abc01469dfa6f971ddd265) Importer(815301076,1909f56bfc062723c751e8b465ee728b)
Start importing Assets/sprites/tutorial-text/parryinair/p3.mat using Guid(42e3e06051abc01469dfa6f971ddd265) Importer(815301076,1909f56bfc062723c751e8b465ee728b)  -> (artifact id: '768bd5548a1973a6e049b1e79a53488f') in 0.014294 seconds 
  Import took 0.017194 seconds .

========================================================================
Received Import Request.
  Time since last request: 0.012882 seconds.
  path: Assets/sprites/tutorial-text/left-to-attack/l1.mat
  artifactKey: Guid(3af2f5ec369124f4cb8c672ac37cf448) Importer(815301076,1909f56bfc062723c751e8b465ee728b)
Start importing Assets/sprites/tutorial-text/left-to-attack/l1.mat using Guid(3af2f5ec369124f4cb8c672ac37cf448) Importer(815301076,1909f56bfc062723c751e8b465ee728b)  -> (artifact id: 'c5ce749397d68433086467780ab415d4') in 0.016497 seconds 
  Import took 0.019815 seconds .

========================================================================
Received Import Request.
  Time since last request: 0.000241 seconds.
  path: Assets/sprites/tutorial-text/left-to-attack/l2.mat
  artifactKey: Guid(88fb17da3f150974a8afbd87203420ef) Importer(815301076,1909f56bfc062723c751e8b465ee728b)
Start importing Assets/sprites/tutorial-text/left-to-attack/l2.mat using Guid(88fb17da3f150974a8afbd87203420ef) Importer(815301076,1909f56bfc062723c751e8b465ee728b)  -> (artifact id: '6ee8d0e96403d8b23b0a9656c5d42900') in 0.014040 seconds 
  Import took 0.017410 seconds .

========================================================================
Received Import Request.
  Time since last request: 0.000313 seconds.
  path: Assets/sprites/tutorial-text/left-to-attack/l3.mat
  artifactKey: Guid(37899d55a3b81a245b9d091ca6c2e963) Importer(815301076,1909f56bfc062723c751e8b465ee728b)
Start importing Assets/sprites/tutorial-text/left-to-attack/l3.mat using Guid(37899d55a3b81a245b9d091ca6c2e963) Importer(815301076,1909f56bfc062723c751e8b465ee728b)  -> (artifact id: '7c8f5419aec39a7c1b581ac9bab5bb87') in 0.014772 seconds 
  Import took 0.018755 seconds .

========================================================================
Received Import Request.
  Time since last request: 0.073287 seconds.
  path: Assets/sprites/tutorial-text/dash-punch/dash-punch-3.mat
  artifactKey: Guid(73e2493cd1d16994ab0977c86e500817) Importer(815301076,1909f56bfc062723c751e8b465ee728b)
Start importing Assets/sprites/tutorial-text/dash-punch/dash-punch-3.mat using Guid(73e2493cd1d16994ab0977c86e500817) Importer(815301076,1909f56bfc062723c751e8b465ee728b)  -> (artifact id: 'dfc24715c3afd1728ca934609c325401') in 0.011825 seconds 
  Import took 0.015216 seconds .

========================================================================
Received Import Request.
  Time since last request: 0.000268 seconds.
  path: Assets/sprites/tutorial-text/dash-punch/dash-punch-1.mat
  artifactKey: Guid(b28d6bd5d31105d4899ce782b1ee7bc4) Importer(815301076,1909f56bfc062723c751e8b465ee728b)
Start importing Assets/sprites/tutorial-text/dash-punch/dash-punch-1.mat using Guid(b28d6bd5d31105d4899ce782b1ee7bc4) Importer(815301076,1909f56bfc062723c751e8b465ee728b)  -> (artifact id: '360215e30902ef6b3080aed3d269be24') in 0.012947 seconds 
  Import took 0.016086 seconds .

========================================================================
Received Import Request.
  Time since last request: 0.000314 seconds.
  path: Assets/sprites/tutorial-text/dash-punch/dash-punch-2.mat
  artifactKey: Guid(48cc4bc8ce0a83246be096fe9199eb97) Importer(815301076,1909f56bfc062723c751e8b465ee728b)
Start importing Assets/sprites/tutorial-text/dash-punch/dash-punch-2.mat using Guid(48cc4bc8ce0a83246be096fe9199eb97) Importer(815301076,1909f56bfc062723c751e8b465ee728b)  -> (artifact id: 'b0196fa1134efad9dcd81bb8ac060231') in 0.013205 seconds 
  Import took 0.017069 seconds .

========================================================================
Received Prepare
Registering precompiled user dll's ...
Registered in 0.009691 seconds.
Begin MonoManager ReloadAssembly
Native extension for WindowsStandalone target not found
Native extension for WebGL target not found
Refreshing native plugins compatible for Editor in 0.36 ms, found 2 plugins.
Preloading 0 native plugins for Editor in 0.00 ms.
Mono: successfully reloaded assembly
- Completed reload, in  1.029 seconds
Domain Reload Profiling:
	ReloadAssembly (1030ms)
		BeginReloadAssembly (166ms)
			ExecutionOrderSort (0ms)
			DisableScriptedObjects (4ms)
			BackupInstance (0ms)
			ReleaseScriptingObjects (0ms)
			CreateAndSetChildDomain (35ms)
		EndReloadAssembly (792ms)
			LoadAssemblies (147ms)
			RebuildTransferFunctionScriptingTraits (0ms)
			SetupTypeCache (272ms)
			ReleaseScriptCaches (1ms)
			RebuildScriptCaches (33ms)
			SetupLoadedEditorAssemblies (290ms)
				LogAssemblyErrors (0ms)
				InitializePlatformSupportModulesInManaged (6ms)
				SetLoadedEditorAssemblies (0ms)
				RefreshPlugins (0ms)
				BeforeProcessingInitializeOnLoad (76ms)
				ProcessInitializeOnLoadAttributes (193ms)
				ProcessInitializeOnLoadMethodAttributes (3ms)
				AfterProcessingInitializeOnLoad (11ms)
				EditorAssembliesLoaded (0ms)
			ExecutionOrderSort2 (0ms)
			AwakeInstancesAfterBackupRestoration (7ms)
Platform modules already initialized, skipping
Refreshing native plugins compatible for Editor in 0.36 ms, found 2 plugins.
Preloading 0 native plugins for Editor in 0.00 ms.
Unloading 1445 Unused Serialized files (Serialized files now loaded: 0)
System memory in use before: 73.1 MB.
System memory in use after: 73.2 MB.

Unloading 11 unused Assets to reduce memory usage. Loaded Objects now: 1960.
Total: 2.815200 ms (FindLiveObjects: 0.317900 ms CreateObjectMapping: 0.088800 ms MarkObjects: 2.381300 ms  DeleteObjects: 0.025800 ms)

AssetImportParameters requested are different than current active one (requested -> active):
  custom:framework-win-MediaFoundation: 216162199b28c13a410421893ffa2e32 -> 
  custom:video-decoder-ogg-theora: a1e56fd34408186e4bbccfd4996cb3dc -> 
  custom:container-muxer-webm: aa71ff27fc2769a1b78a27578f13a17b -> 
  custom:container-demuxer-webm: 4f35f7cbe854078d1ac9338744f61a02 -> 
  custom:container-demuxer-ogg: 62fdf1f143b41e24485cea50d1cbac27 -> 
  custom:video-encoder-webm-vp8: eb34c28f22e8b96e1ab97ce403110664 -> 
  custom:video-decoder-webm-vp8: 9c59270c3fd7afecdb556c50c9e8de78 -> 
  custom:audio-decoder-ogg-vorbis: bf7c407c2cedff20999df2af8eb42d56 -> 
  custom:audio-encoder-webm-vorbis: bf7c407c2cedff20999df2af8eb42d56 -> 
========================================================================
Received Import Request.
  Time since last request: 208.592841 seconds.
  path: Assets/WebGLTemplates
  artifactKey: Guid(1b52c9313202b29489ad08e168856047) Importer(815301076,1909f56bfc062723c751e8b465ee728b)
Start importing Assets/WebGLTemplates using Guid(1b52c9313202b29489ad08e168856047) Importer(815301076,1909f56bfc062723c751e8b465ee728b)  -> (artifact id: 'f1d83ba58c594f3acf914d3044d94614') in 0.008198 seconds 
  Import took 0.012077 seconds .

========================================================================
Received Import Request.
  Time since last request: 19.171170 seconds.
  path: Assets/invert-colors.shader
  artifactKey: Guid(7eeb54944e9061f4db596362e40cd56b) Importer(815301076,1909f56bfc062723c751e8b465ee728b)
Start importing Assets/invert-colors.shader using Guid(7eeb54944e9061f4db596362e40cd56b) Importer(815301076,1909f56bfc062723c751e8b465ee728b)  -> (artifact id: 'ef267120b0c1febe5f576b39a1499708') in 0.016797 seconds 
  Import took 0.020323 seconds .

========================================================================
Received Import Request.
  Time since last request: 2104.936389 seconds.
  path: Assets/sprites/white.png
  artifactKey: Guid(ed9ac8c80efabd84598ed8d3b31c8db2) Importer(815301076,1909f56bfc062723c751e8b465ee728b)
Start importing Assets/sprites/white.png using Guid(ed9ac8c80efabd84598ed8d3b31c8db2) Importer(815301076,1909f56bfc062723c751e8b465ee728b)  -> (artifact id: '4fc9a85b606ce311b2aead96b376f764') in 0.047300 seconds 
  Import took 0.051301 seconds .

========================================================================
Received Prepare
Registering precompiled user dll's ...
Registered in 0.008694 seconds.
Begin MonoManager ReloadAssembly
Native extension for WindowsStandalone target not found
Native extension for WebGL target not found
Refreshing native plugins compatible for Editor in 0.42 ms, found 2 plugins.
Preloading 0 native plugins for Editor in 0.00 ms.
Mono: successfully reloaded assembly
- Completed reload, in  1.053 seconds
Domain Reload Profiling:
	ReloadAssembly (1053ms)
		BeginReloadAssembly (168ms)
			ExecutionOrderSort (0ms)
			DisableScriptedObjects (5ms)
			BackupInstance (0ms)
			ReleaseScriptingObjects (0ms)
			CreateAndSetChildDomain (41ms)
		EndReloadAssembly (817ms)
			LoadAssemblies (144ms)
			RebuildTransferFunctionScriptingTraits (0ms)
			SetupTypeCache (277ms)
			ReleaseScriptCaches (1ms)
			RebuildScriptCaches (36ms)
			SetupLoadedEditorAssemblies (306ms)
				LogAssemblyErrors (0ms)
				InitializePlatformSupportModulesInManaged (6ms)
				SetLoadedEditorAssemblies (0ms)
				RefreshPlugins (0ms)
				BeforeProcessingInitializeOnLoad (84ms)
				ProcessInitializeOnLoadAttributes (195ms)
				ProcessInitializeOnLoadMethodAttributes (5ms)
				AfterProcessingInitializeOnLoad (15ms)
				EditorAssembliesLoaded (0ms)
			ExecutionOrderSort2 (0ms)
			AwakeInstancesAfterBackupRestoration (7ms)
Platform modules already initialized, skipping
Refreshing native plugins compatible for Editor in 0.39 ms, found 2 plugins.
Preloading 0 native plugins for Editor in 0.00 ms.
Unloading 1446 Unused Serialized files (Serialized files now loaded: 0)
System memory in use before: 73.4 MB.
System memory in use after: 73.4 MB.

Unloading 12 unused Assets to reduce memory usage. Loaded Objects now: 1963.
Total: 2.626400 ms (FindLiveObjects: 0.157900 ms CreateObjectMapping: 0.047500 ms MarkObjects: 2.362500 ms  DeleteObjects: 0.057100 ms)

AssetImportParameters requested are different than current active one (requested -> active):
  custom:framework-win-MediaFoundation: 216162199b28c13a410421893ffa2e32 -> 
  custom:video-decoder-ogg-theora: a1e56fd34408186e4bbccfd4996cb3dc -> 
  custom:container-muxer-webm: aa71ff27fc2769a1b78a27578f13a17b -> 
  custom:container-demuxer-webm: 4f35f7cbe854078d1ac9338744f61a02 -> 
  custom:container-demuxer-ogg: 62fdf1f143b41e24485cea50d1cbac27 -> 
  custom:video-encoder-webm-vp8: eb34c28f22e8b96e1ab97ce403110664 -> 
  custom:video-decoder-webm-vp8: 9c59270c3fd7afecdb556c50c9e8de78 -> 
  custom:audio-decoder-ogg-vorbis: bf7c407c2cedff20999df2af8eb42d56 -> 
  custom:audio-encoder-webm-vorbis: bf7c407c2cedff20999df2af8eb42d56 -> 
========================================================================
Received Import Request.
  Time since last request: 829.930458 seconds.
  path: Assets/scenes/TheOnlySceneThatMatters.unity
  artifactKey: Guid(9fc0d4010bbf28b4594072e72b8655ab) Importer(815301076,1909f56bfc062723c751e8b465ee728b)
Start importing Assets/scenes/TheOnlySceneThatMatters.unity using Guid(9fc0d4010bbf28b4594072e72b8655ab) Importer(815301076,1909f56bfc062723c751e8b465ee728b)  -> (artifact id: 'c29ff693bd2f85d10857308a23e93616') in 0.016846 seconds 
  Import took 0.020496 seconds .

========================================================================
Received Prepare
Registering precompiled user dll's ...
Registered in 0.006679 seconds.
Begin MonoManager ReloadAssembly
Native extension for WindowsStandalone target not found
Native extension for WebGL target not found
Refreshing native plugins compatible for Editor in 0.44 ms, found 2 plugins.
Preloading 0 native plugins for Editor in 0.00 ms.
Mono: successfully reloaded assembly
- Completed reload, in  1.089 seconds
Domain Reload Profiling:
	ReloadAssembly (1090ms)
		BeginReloadAssembly (174ms)
			ExecutionOrderSort (0ms)
			DisableScriptedObjects (4ms)
			BackupInstance (0ms)
			ReleaseScriptingObjects (0ms)
			CreateAndSetChildDomain (36ms)
		EndReloadAssembly (846ms)
			LoadAssemblies (160ms)
			RebuildTransferFunctionScriptingTraits (0ms)
			SetupTypeCache (283ms)
			ReleaseScriptCaches (1ms)
			RebuildScriptCaches (42ms)
			SetupLoadedEditorAssemblies (301ms)
				LogAssemblyErrors (0ms)
				InitializePlatformSupportModulesInManaged (6ms)
				SetLoadedEditorAssemblies (1ms)
				RefreshPlugins (1ms)
				BeforeProcessingInitializeOnLoad (83ms)
				ProcessInitializeOnLoadAttributes (194ms)
				ProcessInitializeOnLoadMethodAttributes (3ms)
				AfterProcessingInitializeOnLoad (13ms)
				EditorAssembliesLoaded (0ms)
			ExecutionOrderSort2 (0ms)
			AwakeInstancesAfterBackupRestoration (7ms)
Platform modules already initialized, skipping
Refreshing native plugins compatible for Editor in 0.53 ms, found 2 plugins.
Preloading 0 native plugins for Editor in 0.00 ms.
Unloading 1446 Unused Serialized files (Serialized files now loaded: 0)
System memory in use before: 73.4 MB.
System memory in use after: 73.5 MB.

Unloading 12 unused Assets to reduce memory usage. Loaded Objects now: 1965.
Total: 3.443500 ms (FindLiveObjects: 0.209400 ms CreateObjectMapping: 0.047900 ms MarkObjects: 3.119100 ms  DeleteObjects: 0.066000 ms)

AssetImportParameters requested are different than current active one (requested -> active):
  custom:framework-win-MediaFoundation: 216162199b28c13a410421893ffa2e32 -> 
  custom:video-decoder-ogg-theora: a1e56fd34408186e4bbccfd4996cb3dc -> 
  custom:container-muxer-webm: aa71ff27fc2769a1b78a27578f13a17b -> 
  custom:container-demuxer-webm: 4f35f7cbe854078d1ac9338744f61a02 -> 
  custom:container-demuxer-ogg: 62fdf1f143b41e24485cea50d1cbac27 -> 
  custom:video-encoder-webm-vp8: eb34c28f22e8b96e1ab97ce403110664 -> 
  custom:video-decoder-webm-vp8: 9c59270c3fd7afecdb556c50c9e8de78 -> 
  custom:audio-decoder-ogg-vorbis: bf7c407c2cedff20999df2af8eb42d56 -> 
  custom:audio-encoder-webm-vorbis: bf7c407c2cedff20999df2af8eb42d56 -> 
========================================================================
Received Prepare
Registering precompiled user dll's ...
Registered in 0.007342 seconds.
Begin MonoManager ReloadAssembly
Native extension for WindowsStandalone target not found
Native extension for WebGL target not found
Refreshing native plugins compatible for Editor in 0.41 ms, found 2 plugins.
Preloading 0 native plugins for Editor in 0.00 ms.
Mono: successfully reloaded assembly
- Completed reload, in  1.091 seconds
Domain Reload Profiling:
	ReloadAssembly (1091ms)
		BeginReloadAssembly (182ms)
			ExecutionOrderSort (0ms)
			DisableScriptedObjects (5ms)
			BackupInstance (0ms)
			ReleaseScriptingObjects (0ms)
			CreateAndSetChildDomain (34ms)
		EndReloadAssembly (836ms)
			LoadAssemblies (164ms)
			RebuildTransferFunctionScriptingTraits (0ms)
			SetupTypeCache (290ms)
			ReleaseScriptCaches (1ms)
			RebuildScriptCaches (35ms)
			SetupLoadedEditorAssemblies (314ms)
				LogAssemblyErrors (0ms)
				InitializePlatformSupportModulesInManaged (6ms)
				SetLoadedEditorAssemblies (0ms)
				RefreshPlugins (0ms)
				BeforeProcessingInitializeOnLoad (80ms)
				ProcessInitializeOnLoadAttributes (212ms)
				ProcessInitializeOnLoadMethodAttributes (3ms)
				AfterProcessingInitializeOnLoad (13ms)
				EditorAssembliesLoaded (0ms)
			ExecutionOrderSort2 (0ms)
			AwakeInstancesAfterBackupRestoration (7ms)
Platform modules already initialized, skipping
Refreshing native plugins compatible for Editor in 0.37 ms, found 2 plugins.
Preloading 0 native plugins for Editor in 0.00 ms.
Unloading 1446 Unused Serialized files (Serialized files now loaded: 0)
System memory in use before: 73.4 MB.
System memory in use after: 73.5 MB.

Unloading 12 unused Assets to reduce memory usage. Loaded Objects now: 1967.
Total: 3.461400 ms (FindLiveObjects: 0.209600 ms CreateObjectMapping: 0.063000 ms MarkObjects: 3.118900 ms  DeleteObjects: 0.068800 ms)

AssetImportParameters requested are different than current active one (requested -> active):
  custom:framework-win-MediaFoundation: 216162199b28c13a410421893ffa2e32 -> 
  custom:video-decoder-ogg-theora: a1e56fd34408186e4bbccfd4996cb3dc -> 
  custom:container-muxer-webm: aa71ff27fc2769a1b78a27578f13a17b -> 
  custom:container-demuxer-webm: 4f35f7cbe854078d1ac9338744f61a02 -> 
  custom:container-demuxer-ogg: 62fdf1f143b41e24485cea50d1cbac27 -> 
  custom:video-encoder-webm-vp8: eb34c28f22e8b96e1ab97ce403110664 -> 
  custom:video-decoder-webm-vp8: 9c59270c3fd7afecdb556c50c9e8de78 -> 
  custom:audio-decoder-ogg-vorbis: bf7c407c2cedff20999df2af8eb42d56 -> 
  custom:audio-encoder-webm-vorbis: bf7c407c2cedff20999df2af8eb42d56 -> 
========================================================================
Received Prepare
Registering precompiled user dll's ...
Registered in 0.006542 seconds.
Begin MonoManager ReloadAssembly
Native extension for WindowsStandalone target not found
Native extension for WebGL target not found
Refreshing native plugins compatible for Editor in 0.42 ms, found 2 plugins.
Preloading 0 native plugins for Editor in 0.00 ms.
Mono: successfully reloaded assembly
- Completed reload, in  1.053 seconds
Domain Reload Profiling:
	ReloadAssembly (1053ms)
		BeginReloadAssembly (174ms)
			ExecutionOrderSort (0ms)
			DisableScriptedObjects (6ms)
			BackupInstance (0ms)
			ReleaseScriptingObjects (0ms)
			CreateAndSetChildDomain (38ms)
		EndReloadAssembly (803ms)
			LoadAssemblies (156ms)
			RebuildTransferFunctionScriptingTraits (0ms)
			SetupTypeCache (270ms)
			ReleaseScriptCaches (1ms)
			RebuildScriptCaches (34ms)
			SetupLoadedEditorAssemblies (295ms)
				LogAssemblyErrors (0ms)
				InitializePlatformSupportModulesInManaged (7ms)
				SetLoadedEditorAssemblies (1ms)
				RefreshPlugins (0ms)
				BeforeProcessingInitializeOnLoad (77ms)
				ProcessInitializeOnLoadAttributes (194ms)
				ProcessInitializeOnLoadMethodAttributes (3ms)
				AfterProcessingInitializeOnLoad (13ms)
				EditorAssembliesLoaded (0ms)
			ExecutionOrderSort2 (0ms)
			AwakeInstancesAfterBackupRestoration (7ms)
Platform modules already initialized, skipping
Refreshing native plugins compatible for Editor in 0.51 ms, found 2 plugins.
Preloading 0 native plugins for Editor in 0.00 ms.
Unloading 1446 Unused Serialized files (Serialized files now loaded: 0)
System memory in use before: 73.4 MB.
System memory in use after: 73.5 MB.

Unloading 12 unused Assets to reduce memory usage. Loaded Objects now: 1969.
Total: 3.158600 ms (FindLiveObjects: 0.192700 ms CreateObjectMapping: 0.049400 ms MarkObjects: 2.831900 ms  DeleteObjects: 0.083300 ms)

AssetImportParameters requested are different than current active one (requested -> active):
  custom:framework-win-MediaFoundation: 216162199b28c13a410421893ffa2e32 -> 
  custom:video-decoder-ogg-theora: a1e56fd34408186e4bbccfd4996cb3dc -> 
  custom:container-muxer-webm: aa71ff27fc2769a1b78a27578f13a17b -> 
  custom:container-demuxer-webm: 4f35f7cbe854078d1ac9338744f61a02 -> 
  custom:container-demuxer-ogg: 62fdf1f143b41e24485cea50d1cbac27 -> 
  custom:video-encoder-webm-vp8: eb34c28f22e8b96e1ab97ce403110664 -> 
  custom:video-decoder-webm-vp8: 9c59270c3fd7afecdb556c50c9e8de78 -> 
  custom:audio-decoder-ogg-vorbis: bf7c407c2cedff20999df2af8eb42d56 -> 
  custom:audio-encoder-webm-vorbis: bf7c407c2cedff20999df2af8eb42d56 -> 
========================================================================
Received Import Request.
  Time since last request: 720.582118 seconds.
  path: Assets/scenes/TheOnlySceneThatMatters.unity
  artifactKey: Guid(9fc0d4010bbf28b4594072e72b8655ab) Importer(815301076,1909f56bfc062723c751e8b465ee728b)
Start importing Assets/scenes/TheOnlySceneThatMatters.unity using Guid(9fc0d4010bbf28b4594072e72b8655ab) Importer(815301076,1909f56bfc062723c751e8b465ee728b)  -> (artifact id: 'd61e875e8949b50e800f881c8891065a') in 0.020683 seconds 
  Import took 0.023811 seconds .

========================================================================
Received Prepare
Registering precompiled user dll's ...
Registered in 0.007330 seconds.
Begin MonoManager ReloadAssembly
Native extension for WindowsStandalone target not found
Native extension for WebGL target not found
Refreshing native plugins compatible for Editor in 0.40 ms, found 2 plugins.
Preloading 0 native plugins for Editor in 0.00 ms.
Mono: successfully reloaded assembly
- Completed reload, in  1.034 seconds
Domain Reload Profiling:
	ReloadAssembly (1035ms)
		BeginReloadAssembly (155ms)
			ExecutionOrderSort (0ms)
			DisableScriptedObjects (5ms)
			BackupInstance (0ms)
			ReleaseScriptingObjects (0ms)
			CreateAndSetChildDomain (32ms)
		EndReloadAssembly (809ms)
			LoadAssemblies (140ms)
			RebuildTransferFunctionScriptingTraits (0ms)
			SetupTypeCache (264ms)
			ReleaseScriptCaches (1ms)
			RebuildScriptCaches (42ms)
			SetupLoadedEditorAssemblies (298ms)
				LogAssemblyErrors (0ms)
				InitializePlatformSupportModulesInManaged (6ms)
				SetLoadedEditorAssemblies (0ms)
				RefreshPlugins (0ms)
				BeforeProcessingInitializeOnLoad (80ms)
				ProcessInitializeOnLoadAttributes (195ms)
				ProcessInitializeOnLoadMethodAttributes (3ms)
				AfterProcessingInitializeOnLoad (13ms)
				EditorAssembliesLoaded (0ms)
			ExecutionOrderSort2 (0ms)
			AwakeInstancesAfterBackupRestoration (7ms)
Platform modules already initialized, skipping
Refreshing native plugins compatible for Editor in 0.42 ms, found 2 plugins.
Preloading 0 native plugins for Editor in 0.00 ms.
Unloading 1446 Unused Serialized files (Serialized files now loaded: 0)
System memory in use before: 73.4 MB.
System memory in use after: 73.5 MB.

Unloading 12 unused Assets to reduce memory usage. Loaded Objects now: 1971.
Total: 3.157100 ms (FindLiveObjects: 0.199500 ms CreateObjectMapping: 0.048200 ms MarkObjects: 2.829900 ms  DeleteObjects: 0.078600 ms)

AssetImportParameters requested are different than current active one (requested -> active):
  custom:framework-win-MediaFoundation: 216162199b28c13a410421893ffa2e32 -> 
  custom:video-decoder-ogg-theora: a1e56fd34408186e4bbccfd4996cb3dc -> 
  custom:container-muxer-webm: aa71ff27fc2769a1b78a27578f13a17b -> 
  custom:container-demuxer-webm: 4f35f7cbe854078d1ac9338744f61a02 -> 
  custom:container-demuxer-ogg: 62fdf1f143b41e24485cea50d1cbac27 -> 
  custom:video-encoder-webm-vp8: eb34c28f22e8b96e1ab97ce403110664 -> 
  custom:video-decoder-webm-vp8: 9c59270c3fd7afecdb556c50c9e8de78 -> 
  custom:audio-decoder-ogg-vorbis: bf7c407c2cedff20999df2af8eb42d56 -> 
  custom:audio-encoder-webm-vorbis: bf7c407c2cedff20999df2af8eb42d56 -> 
