Using pre-set license
Built from '2020.3/staging' branch; Version is '2020.3.20f1 (41c4e627c95f) revision 4310246'; Using compiler version '192528614'; Build Type 'Release'
OS: 'Windows 10 Home; OS build 19042.1083; Version 2009; 64bit' Language: 'en' Physical Memory: 16322 MB
BatchMode: 1, IsHumanControllingUs: 0, StartBugReporterOnCrash: 0, Is64bit: 1, IsPro: 0

COMMAND LINE ARGUMENTS:
E:\unity_editors\2020.3.20f1\Editor\Unity.exe
-adb2
-batchMode
-noUpm
-name
AssetImportWorker2
-projectPath
E:/unity_projects/LudwigJam
-logFile
Logs/AssetImportWorker2.log
-srvPort
60479
Successfully changed project path to: E:/unity_projects/LudwigJam
E:/unity_projects/LudwigJam
Using Asset Import Pipeline V2.
Refreshing native plugins compatible for Editor in 140.49 ms, found 2 plugins.
Preloading 0 native plugins for Editor in 0.00 ms.
Initialize engine version: 2020.3.20f1 (41c4e627c95f)
[Subsystems] Discovering subsystems at path E:/unity_editors/2020.3.20f1/Editor/Data/Resources/UnitySubsystems
[Subsystems] Discovering subsystems at path E:/unity_projects/LudwigJam/Assets
GfxDevice: creating device client; threaded=0
Direct3D:
    Version:  Direct3D 11.0 [level 11.1]
    Renderer: NVIDIA GeForce GTX 1080 Ti (ID=0x1b06)
    Vendor:   
    VRAM:     11127 MB
    Driver:   30.0.14.7212
Initialize mono
Mono path[0] = 'E:/unity_editors/2020.3.20f1/Editor/Data/Managed'
Mono path[1] = 'E:/unity_editors/2020.3.20f1/Editor/Data/MonoBleedingEdge/lib/mono/unityjit'
Mono config path = 'E:/unity_editors/2020.3.20f1/Editor/Data/MonoBleedingEdge/etc'
Using monoOptions --debugger-agent=transport=dt_socket,embedding=1,server=y,suspend=n,address=127.0.0.1:56276
Begin MonoManager ReloadAssembly
Registering precompiled unity dll's ...
Register platform support module: E:/unity_editors/2020.3.20f1/Editor/Data/PlaybackEngines/WebGLSupport/UnityEditor.WebGL.Extensions.dll
Register platform support module: E:/unity_editors/2020.3.20f1/Editor/Data/PlaybackEngines/WindowsStandaloneSupport/UnityEditor.WindowsStandalone.Extensions.dll
Registered in 0.006578 seconds.
Native extension for WindowsStandalone target not found
Native extension for WebGL target not found
Refreshing native plugins compatible for Editor in 27.07 ms, found 2 plugins.
Preloading 0 native plugins for Editor in 0.00 ms.
Mono: successfully reloaded assembly
- Completed reload, in  3.380 seconds
Domain Reload Profiling:
	ReloadAssembly (3381ms)
		BeginReloadAssembly (141ms)
			ExecutionOrderSort (0ms)
			DisableScriptedObjects (0ms)
			BackupInstance (0ms)
			ReleaseScriptingObjects (0ms)
			CreateAndSetChildDomain (2ms)
		EndReloadAssembly (480ms)
			LoadAssemblies (139ms)
			RebuildTransferFunctionScriptingTraits (0ms)
			SetupTypeCache (190ms)
			ReleaseScriptCaches (0ms)
			RebuildScriptCaches (29ms)
			SetupLoadedEditorAssemblies (171ms)
				LogAssemblyErrors (0ms)
				InitializePlatformSupportModulesInManaged (5ms)
				SetLoadedEditorAssemblies (0ms)
				RefreshPlugins (27ms)
				BeforeProcessingInitializeOnLoad (20ms)
				ProcessInitializeOnLoadAttributes (88ms)
				ProcessInitializeOnLoadMethodAttributes (30ms)
				AfterProcessingInitializeOnLoad (0ms)
				EditorAssembliesLoaded (0ms)
			ExecutionOrderSort2 (0ms)
			AwakeInstancesAfterBackupRestoration (0ms)
Platform modules already initialized, skipping
Registering precompiled user dll's ...
Registered in 0.012942 seconds.
Begin MonoManager ReloadAssembly
Native extension for WindowsStandalone target not found
Native extension for WebGL target not found
Refreshing native plugins compatible for Editor in 0.57 ms, found 2 plugins.
Preloading 0 native plugins for Editor in 0.00 ms.
Mono: successfully reloaded assembly
- Completed reload, in  1.287 seconds
Domain Reload Profiling:
	ReloadAssembly (1289ms)
		BeginReloadAssembly (205ms)
			ExecutionOrderSort (0ms)
			DisableScriptedObjects (5ms)
			BackupInstance (0ms)
			ReleaseScriptingObjects (0ms)
			CreateAndSetChildDomain (24ms)
		EndReloadAssembly (1009ms)
			LoadAssemblies (175ms)
			RebuildTransferFunctionScriptingTraits (0ms)
			SetupTypeCache (363ms)
			ReleaseScriptCaches (1ms)
			RebuildScriptCaches (49ms)
			SetupLoadedEditorAssemblies (359ms)
				LogAssemblyErrors (0ms)
				InitializePlatformSupportModulesInManaged (6ms)
				SetLoadedEditorAssemblies (1ms)
				RefreshPlugins (1ms)
				BeforeProcessingInitializeOnLoad (88ms)
				ProcessInitializeOnLoadAttributes (249ms)
				ProcessInitializeOnLoadMethodAttributes (4ms)
				AfterProcessingInitializeOnLoad (12ms)
				EditorAssembliesLoaded (0ms)
			ExecutionOrderSort2 (0ms)
			AwakeInstancesAfterBackupRestoration (6ms)
Platform modules already initialized, skipping
========================================================================
Worker process is ready to serve import requests
Launched and connected shader compiler UnityShaderCompiler.exe after 0.09 seconds
Refreshing native plugins compatible for Editor in 0.56 ms, found 2 plugins.
Preloading 0 native plugins for Editor in 0.00 ms.
Unloading 1412 Unused Serialized files (Serialized files now loaded: 0)
System memory in use before: 66.9 MB.
System memory in use after: 67.0 MB.

Unloading 15 unused Assets to reduce memory usage. Loaded Objects now: 1863.
Total: 4.719500 ms (FindLiveObjects: 0.215800 ms CreateObjectMapping: 0.118600 ms MarkObjects: 4.348500 ms  DeleteObjects: 0.035400 ms)

AssetImportParameters requested are different than current active one (requested -> active):
  custom:framework-win-MediaFoundation: 216162199b28c13a410421893ffa2e32 -> 
  custom:video-decoder-ogg-theora: a1e56fd34408186e4bbccfd4996cb3dc -> 
  custom:container-muxer-webm: aa71ff27fc2769a1b78a27578f13a17b -> 
  custom:container-demuxer-webm: 4f35f7cbe854078d1ac9338744f61a02 -> 
  custom:container-demuxer-ogg: 62fdf1f143b41e24485cea50d1cbac27 -> 
  custom:video-encoder-webm-vp8: eb34c28f22e8b96e1ab97ce403110664 -> 
  custom:video-decoder-webm-vp8: 9c59270c3fd7afecdb556c50c9e8de78 -> 
  custom:audio-decoder-ogg-vorbis: bf7c407c2cedff20999df2af8eb42d56 -> 
  custom:audio-encoder-webm-vorbis: bf7c407c2cedff20999df2af8eb42d56 -> 
========================================================================
Received Import Request.
  path: Assets/sprites/player/jumping
  artifactKey: Guid(a0a0d1d9003a989418f544fc1f66618c) Importer(815301076,1909f56bfc062723c751e8b465ee728b)
Start importing Assets/sprites/player/jumping using Guid(a0a0d1d9003a989418f544fc1f66618c) Importer(815301076,1909f56bfc062723c751e8b465ee728b)  -> (artifact id: '0c35685527fef3a358405b04fc1241f5') in 0.008296 seconds 
  Import took 0.010782 seconds .

========================================================================
Received Import Request.
  Time since last request: 7.010170 seconds.
  path: Assets/sprites/player/jumping/jumping-1.png
  artifactKey: Guid(72836c0f94ac2794a8055abfcb6d7dae) Importer(815301076,1909f56bfc062723c751e8b465ee728b)
Start importing Assets/sprites/player/jumping/jumping-1.png using Guid(72836c0f94ac2794a8055abfcb6d7dae) Importer(815301076,1909f56bfc062723c751e8b465ee728b)  -> (artifact id: 'd60f612bb5dd9f8c877764538fc53d86') in 0.085260 seconds 
  Import took 0.088257 seconds .

========================================================================
Received Import Request.
  Time since last request: 6.340183 seconds.
  path: Assets/sprites/player/jumping/jumping-5.png
  artifactKey: Guid(8a11e6fd898ff7c4cb0a54bb245dbe1a) Importer(815301076,1909f56bfc062723c751e8b465ee728b)
Start importing Assets/sprites/player/jumping/jumping-5.png using Guid(8a11e6fd898ff7c4cb0a54bb245dbe1a) Importer(815301076,1909f56bfc062723c751e8b465ee728b)  -> (artifact id: '923fd56706912a3145a15ef17cc07804') in 0.012658 seconds 
  Import took 0.015477 seconds .

========================================================================
Received Import Request.
  Time since last request: 0.711051 seconds.
  path: Assets/sprites/player/jumping/jumping-4.png
  artifactKey: Guid(7201f83e28f4afb418ce1fb37c0e6485) Importer(815301076,1909f56bfc062723c751e8b465ee728b)
Start importing Assets/sprites/player/jumping/jumping-4.png using Guid(7201f83e28f4afb418ce1fb37c0e6485) Importer(815301076,1909f56bfc062723c751e8b465ee728b)  -> (artifact id: '0d83fe51dc86227a382a3176d7bdbd50') in 0.014084 seconds 
  Import took 0.017468 seconds .

========================================================================
Received Import Request.
  Time since last request: 309.708064 seconds.
  path: Assets/sprites/player/jumping/jumping-2.png
  artifactKey: Guid(319d08e8811e66e41b762a831f68268e) Importer(815301076,1909f56bfc062723c751e8b465ee728b)
Start importing Assets/sprites/player/jumping/jumping-2.png using Guid(319d08e8811e66e41b762a831f68268e) Importer(815301076,1909f56bfc062723c751e8b465ee728b)  -> (artifact id: 'af553fad4a131b48071bc08ec29f7337') in 0.013176 seconds 
  Import took 0.016054 seconds .

========================================================================
Received Import Request.
  Time since last request: 2.600141 seconds.
  path: Assets/sprites/player/jumping/jumping-3.png
  artifactKey: Guid(56a43a71cb396d846af172d4868f11b2) Importer(815301076,1909f56bfc062723c751e8b465ee728b)
Start importing Assets/sprites/player/jumping/jumping-3.png using Guid(56a43a71cb396d846af172d4868f11b2) Importer(815301076,1909f56bfc062723c751e8b465ee728b)  -> (artifact id: '94d59f1c09e8880ba417c525ab661e97') in 0.011358 seconds 
  Import took 0.015777 seconds .

AssetImportWorkerClient::OnTransportError - code=2 error=End of file
